{"/Users/williamshackelford/Sites/white-label-mediator/spec/testspec.js":{"path":"/Users/williamshackelford/Sites/white-label-mediator/spec/testspec.js","s":{"1":1,"2":1,"3":1,"4":1,"5":1,"6":1,"7":1,"8":7,"9":7,"10":7,"11":7,"12":1,"13":7,"14":7,"15":1,"16":1,"17":1,"18":1,"19":1,"20":1,"21":1,"22":1,"23":1,"24":1,"25":1,"26":1,"27":1,"28":1,"29":1,"30":1,"31":1},"b":{},"f":{"1":1,"2":1,"3":1,"4":7,"5":0,"6":7,"7":1,"8":1,"9":1,"10":1,"11":1,"12":1,"13":1},"fnMap":{"1":{"name":"(anonymous_1)","line":7,"loc":{"start":{"line":7,"column":20},"end":{"line":7,"column":31}}},"2":{"name":"(anonymous_2)","line":8,"loc":{"start":{"line":8,"column":44},"end":{"line":8,"column":55}}},"3":{"name":"(anonymous_3)","line":13,"loc":{"start":{"line":13,"column":23},"end":{"line":13,"column":34}}},"4":{"name":"(anonymous_4)","line":14,"loc":{"start":{"line":14,"column":15},"end":{"line":14,"column":26}}},"5":{"name":"(anonymous_5)","line":16,"loc":{"start":{"line":16,"column":24},"end":{"line":16,"column":39}}},"6":{"name":"(anonymous_6)","line":20,"loc":{"start":{"line":20,"column":14},"end":{"line":20,"column":25}}},"7":{"name":"(anonymous_7)","line":24,"loc":{"start":{"line":24,"column":23},"end":{"line":24,"column":34}}},"8":{"name":"(anonymous_8)","line":27,"loc":{"start":{"line":27,"column":37},"end":{"line":27,"column":48}}},"9":{"name":"(anonymous_9)","line":30,"loc":{"start":{"line":30,"column":30},"end":{"line":30,"column":41}}},"10":{"name":"(anonymous_10)","line":33,"loc":{"start":{"line":33,"column":28},"end":{"line":33,"column":39}}},"11":{"name":"(anonymous_11)","line":36,"loc":{"start":{"line":36,"column":33},"end":{"line":36,"column":44}}},"12":{"name":"(anonymous_12)","line":42,"loc":{"start":{"line":42,"column":43},"end":{"line":42,"column":54}}},"13":{"name":"(anonymous_13)","line":50,"loc":{"start":{"line":50,"column":46},"end":{"line":50,"column":57}}}},"statementMap":{"1":{"start":{"line":3,"column":0},"end":{"line":3,"column":42}},"2":{"start":{"line":4,"column":0},"end":{"line":4,"column":18}},"3":{"start":{"line":7,"column":0},"end":{"line":11,"column":3}},"4":{"start":{"line":8,"column":4},"end":{"line":10,"column":7}},"5":{"start":{"line":9,"column":8},"end":{"line":9,"column":32}},"6":{"start":{"line":13,"column":0},"end":{"line":54,"column":3}},"7":{"start":{"line":14,"column":4},"end":{"line":19,"column":7}},"8":{"start":{"line":15,"column":8},"end":{"line":15,"column":34}},"9":{"start":{"line":16,"column":8},"end":{"line":16,"column":42}},"10":{"start":{"line":17,"column":8},"end":{"line":17,"column":32}},"11":{"start":{"line":18,"column":8},"end":{"line":18,"column":48}},"12":{"start":{"line":20,"column":4},"end":{"line":23,"column":7}},"13":{"start":{"line":21,"column":8},"end":{"line":21,"column":22}},"14":{"start":{"line":22,"column":8},"end":{"line":22,"column":29}},"15":{"start":{"line":24,"column":4},"end":{"line":26,"column":7}},"16":{"start":{"line":25,"column":8},"end":{"line":25,"column":54}},"17":{"start":{"line":27,"column":4},"end":{"line":29,"column":7}},"18":{"start":{"line":28,"column":8},"end":{"line":28,"column":67}},"19":{"start":{"line":30,"column":4},"end":{"line":32,"column":7}},"20":{"start":{"line":31,"column":8},"end":{"line":31,"column":61}},"21":{"start":{"line":33,"column":4},"end":{"line":35,"column":7}},"22":{"start":{"line":34,"column":8},"end":{"line":34,"column":59}},"23":{"start":{"line":36,"column":4},"end":{"line":41,"column":7}},"24":{"start":{"line":37,"column":8},"end":{"line":39,"column":11}},"25":{"start":{"line":40,"column":8},"end":{"line":40,"column":49}},"26":{"start":{"line":42,"column":4},"end":{"line":49,"column":7}},"27":{"start":{"line":43,"column":8},"end":{"line":45,"column":11}},"28":{"start":{"line":46,"column":8},"end":{"line":48,"column":11}},"29":{"start":{"line":50,"column":4},"end":{"line":53,"column":7}},"30":{"start":{"line":51,"column":8},"end":{"line":51,"column":35}},"31":{"start":{"line":52,"column":8},"end":{"line":52,"column":53}}},"branchMap":{}},"/Users/williamshackelford/Sites/white-label-mediator/dist/index.js":{"path":"/Users/williamshackelford/Sites/white-label-mediator/dist/index.js","s":{"1":1,"2":1,"3":0,"4":1,"5":1,"6":0,"7":0,"8":0,"9":1,"10":1,"11":1,"12":2,"13":1,"14":1,"15":1,"16":7,"17":7,"18":7,"19":0,"20":7,"21":7,"22":7,"23":7,"24":1,"25":1},"b":{"1":[0,1],"2":[1,0],"3":[1,0],"4":[0,2],"5":[2,2]},"f":{"1":1,"2":1,"3":2,"4":1,"5":7,"6":7},"fnMap":{"1":{"name":"(anonymous_1)","line":1,"loc":{"start":{"line":1,"column":1},"end":{"line":1,"column":28}}},"2":{"name":"(anonymous_2)","line":13,"loc":{"start":{"line":13,"column":9},"end":{"line":13,"column":43}}},"3":{"name":"_interopRequireDefault","line":20,"loc":{"start":{"line":20,"column":4},"end":{"line":20,"column":41}}},"4":{"name":"(anonymous_4)","line":26,"loc":{"start":{"line":26,"column":5},"end":{"line":26,"column":35}}},"5":{"name":"initialize","line":35,"loc":{"start":{"line":35,"column":24},"end":{"line":35,"column":46}}},"6":{"name":"Mediator","line":38,"loc":{"start":{"line":38,"column":23},"end":{"line":38,"column":59}}}},"statementMap":{"1":{"start":{"line":1,"column":0},"end":{"line":64,"column":3}},"2":{"start":{"line":2,"column":4},"end":{"line":12,"column":5}},"3":{"start":{"line":3,"column":8},"end":{"line":3,"column":54}},"4":{"start":{"line":4,"column":11},"end":{"line":12,"column":5}},"5":{"start":{"line":5,"column":8},"end":{"line":5,"column":60}},"6":{"start":{"line":7,"column":8},"end":{"line":9,"column":10}},"7":{"start":{"line":10,"column":8},"end":{"line":10,"column":49}},"8":{"start":{"line":11,"column":8},"end":{"line":11,"column":35}},"9":{"start":{"line":16,"column":4},"end":{"line":16,"column":51}},"10":{"start":{"line":18,"column":4},"end":{"line":18,"column":47}},"11":{"start":{"line":20,"column":4},"end":{"line":24,"column":5}},"12":{"start":{"line":21,"column":8},"end":{"line":23,"column":10}},"13":{"start":{"line":26,"column":4},"end":{"line":63,"column":41}},"14":{"start":{"line":34,"column":8},"end":{"line":36,"column":10}},"15":{"start":{"line":38,"column":8},"end":{"line":57,"column":10}},"16":{"start":{"line":40,"column":12},"end":{"line":40,"column":38}},"17":{"start":{"line":41,"column":12},"end":{"line":41,"column":34}},"18":{"start":{"line":44,"column":12},"end":{"line":46,"column":13}},"19":{"start":{"line":45,"column":16},"end":{"line":45,"column":76}},"20":{"start":{"line":49,"column":12},"end":{"line":51,"column":13}},"21":{"start":{"line":50,"column":16},"end":{"line":50,"column":56}},"22":{"start":{"line":54,"column":12},"end":{"line":54,"column":30}},"23":{"start":{"line":56,"column":12},"end":{"line":56,"column":37}},"24":{"start":{"line":60,"column":8},"end":{"line":60,"column":46}},"25":{"start":{"line":62,"column":8},"end":{"line":62,"column":34}}},"branchMap":{"1":{"line":2,"type":"if","locations":[{"start":{"line":2,"column":4},"end":{"line":2,"column":4}},{"start":{"line":2,"column":4},"end":{"line":2,"column":4}}]},"2":{"line":2,"type":"binary-expr","locations":[{"start":{"line":2,"column":8},"end":{"line":2,"column":36}},{"start":{"line":2,"column":40},"end":{"line":2,"column":50}}]},"3":{"line":4,"type":"if","locations":[{"start":{"line":4,"column":11},"end":{"line":4,"column":11}},{"start":{"line":4,"column":11},"end":{"line":4,"column":11}}]},"4":{"line":21,"type":"cond-expr","locations":[{"start":{"line":21,"column":39},"end":{"line":21,"column":42}},{"start":{"line":21,"column":45},"end":{"line":23,"column":9}}]},"5":{"line":21,"type":"binary-expr","locations":[{"start":{"line":21,"column":15},"end":{"line":21,"column":18}},{"start":{"line":21,"column":22},"end":{"line":21,"column":36}}]}}}}