{"/Users/williamshackelford/Sites/white-label-mediator/spec/testspec.js":{"path":"/Users/williamshackelford/Sites/white-label-mediator/spec/testspec.js","s":{"1":1,"2":1,"3":1,"4":1,"5":1,"6":1,"7":1,"8":9,"9":9,"10":9,"11":9,"12":9,"13":9,"14":9,"15":9,"16":9,"17":1,"18":9,"19":9,"20":1,"21":1,"22":1,"23":1,"24":1,"25":1,"26":1,"27":1,"28":1,"29":1,"30":1,"31":1,"32":1,"33":1,"34":1,"35":1,"36":1,"37":1,"38":1,"39":1,"40":1},"b":{},"f":{"1":1,"2":1,"3":1,"4":9,"5":0,"6":9,"7":0,"8":0,"9":9,"10":1,"11":1,"12":1,"13":1,"14":1,"15":1,"16":1,"17":1,"18":1},"fnMap":{"1":{"name":"(anonymous_1)","line":7,"loc":{"start":{"line":7,"column":20},"end":{"line":7,"column":31}}},"2":{"name":"(anonymous_2)","line":8,"loc":{"start":{"line":8,"column":44},"end":{"line":8,"column":55}}},"3":{"name":"(anonymous_3)","line":13,"loc":{"start":{"line":13,"column":23},"end":{"line":13,"column":34}}},"4":{"name":"(anonymous_4)","line":14,"loc":{"start":{"line":14,"column":15},"end":{"line":14,"column":26}}},"5":{"name":"(anonymous_5)","line":16,"loc":{"start":{"line":16,"column":28},"end":{"line":16,"column":39}}},"6":{"name":"(anonymous_6)","line":19,"loc":{"start":{"line":19,"column":22},"end":{"line":19,"column":25}}},"7":{"name":"(anonymous_7)","line":22,"loc":{"start":{"line":22,"column":28},"end":{"line":22,"column":31}}},"8":{"name":"(anonymous_8)","line":27,"loc":{"start":{"line":27,"column":24},"end":{"line":27,"column":39}}},"9":{"name":"(anonymous_9)","line":31,"loc":{"start":{"line":31,"column":14},"end":{"line":31,"column":25}}},"10":{"name":"(anonymous_10)","line":35,"loc":{"start":{"line":35,"column":23},"end":{"line":35,"column":34}}},"11":{"name":"(anonymous_11)","line":38,"loc":{"start":{"line":38,"column":37},"end":{"line":38,"column":48}}},"12":{"name":"(anonymous_12)","line":41,"loc":{"start":{"line":41,"column":30},"end":{"line":41,"column":41}}},"13":{"name":"(anonymous_13)","line":44,"loc":{"start":{"line":44,"column":28},"end":{"line":44,"column":39}}},"14":{"name":"(anonymous_14)","line":47,"loc":{"start":{"line":47,"column":33},"end":{"line":47,"column":44}}},"15":{"name":"(anonymous_15)","line":53,"loc":{"start":{"line":53,"column":43},"end":{"line":53,"column":54}}},"16":{"name":"(anonymous_16)","line":61,"loc":{"start":{"line":61,"column":46},"end":{"line":61,"column":57}}},"17":{"name":"(anonymous_17)","line":65,"loc":{"start":{"line":65,"column":60},"end":{"line":65,"column":71}}},"18":{"name":"(anonymous_18)","line":68,"loc":{"start":{"line":68,"column":24},"end":{"line":68,"column":35}}}},"statementMap":{"1":{"start":{"line":3,"column":0},"end":{"line":3,"column":42}},"2":{"start":{"line":4,"column":0},"end":{"line":4,"column":18}},"3":{"start":{"line":7,"column":0},"end":{"line":11,"column":3}},"4":{"start":{"line":8,"column":4},"end":{"line":10,"column":7}},"5":{"start":{"line":9,"column":8},"end":{"line":9,"column":32}},"6":{"start":{"line":13,"column":0},"end":{"line":71,"column":3}},"7":{"start":{"line":14,"column":4},"end":{"line":30,"column":7}},"8":{"start":{"line":15,"column":8},"end":{"line":15,"column":24}},"9":{"start":{"line":16,"column":8},"end":{"line":16,"column":42}},"10":{"start":{"line":17,"column":8},"end":{"line":17,"column":35}},"11":{"start":{"line":18,"column":8},"end":{"line":25,"column":10}},"12":{"start":{"line":20,"column":16},"end":{"line":20,"column":36}},"13":{"start":{"line":26,"column":8},"end":{"line":26,"column":38}},"14":{"start":{"line":27,"column":8},"end":{"line":27,"column":42}},"15":{"start":{"line":28,"column":8},"end":{"line":28,"column":32}},"16":{"start":{"line":29,"column":8},"end":{"line":29,"column":48}},"17":{"start":{"line":31,"column":4},"end":{"line":34,"column":7}},"18":{"start":{"line":32,"column":8},"end":{"line":32,"column":22}},"19":{"start":{"line":33,"column":8},"end":{"line":33,"column":29}},"20":{"start":{"line":35,"column":4},"end":{"line":37,"column":7}},"21":{"start":{"line":36,"column":8},"end":{"line":36,"column":54}},"22":{"start":{"line":38,"column":4},"end":{"line":40,"column":7}},"23":{"start":{"line":39,"column":8},"end":{"line":39,"column":67}},"24":{"start":{"line":41,"column":4},"end":{"line":43,"column":7}},"25":{"start":{"line":42,"column":8},"end":{"line":42,"column":61}},"26":{"start":{"line":44,"column":4},"end":{"line":46,"column":7}},"27":{"start":{"line":45,"column":8},"end":{"line":45,"column":59}},"28":{"start":{"line":47,"column":4},"end":{"line":52,"column":7}},"29":{"start":{"line":48,"column":8},"end":{"line":50,"column":11}},"30":{"start":{"line":51,"column":8},"end":{"line":51,"column":49}},"31":{"start":{"line":53,"column":4},"end":{"line":60,"column":7}},"32":{"start":{"line":54,"column":8},"end":{"line":56,"column":11}},"33":{"start":{"line":57,"column":8},"end":{"line":59,"column":11}},"34":{"start":{"line":61,"column":4},"end":{"line":64,"column":7}},"35":{"start":{"line":62,"column":8},"end":{"line":62,"column":35}},"36":{"start":{"line":63,"column":8},"end":{"line":63,"column":53}},"37":{"start":{"line":65,"column":4},"end":{"line":67,"column":7}},"38":{"start":{"line":66,"column":8},"end":{"line":66,"column":53}},"39":{"start":{"line":68,"column":4},"end":{"line":70,"column":7}},"40":{"start":{"line":69,"column":8},"end":{"line":69,"column":73}}},"branchMap":{}},"/Users/williamshackelford/Sites/white-label-mediator/dist/index.js":{"path":"/Users/williamshackelford/Sites/white-label-mediator/dist/index.js","s":{"1":1,"2":1,"3":0,"4":1,"5":1,"6":0,"7":0,"8":0,"9":1,"10":1,"11":1,"12":2,"13":1,"14":9,"15":0,"16":1,"17":1,"18":1,"19":1,"20":1,"21":1,"22":1,"23":1,"24":1,"25":1,"26":1,"27":1,"28":1,"29":0,"30":1,"31":1,"32":9,"33":0,"34":9,"35":1,"36":1,"37":0,"38":1,"39":1,"40":1,"41":1,"42":1,"43":1,"44":1,"45":9,"46":9,"47":9,"48":9,"49":1,"50":0,"51":1,"52":1},"b":{"1":[0,1],"2":[1,0],"3":[1,0],"4":[0,2],"5":[2,2],"6":[0,9],"7":[1,1],"8":[1,0],"9":[1,0],"10":[0,1],"11":[0,9],"12":[0,9],"13":[9,0,0],"14":[0,1],"15":[1,0],"16":[1,1],"17":[1,0],"18":[1,0]},"f":{"1":1,"2":1,"3":2,"4":9,"5":1,"6":1,"7":1,"8":9,"9":1,"10":1,"11":1,"12":9,"13":0},"fnMap":{"1":{"name":"(anonymous_1)","line":1,"loc":{"start":{"line":1,"column":1},"end":{"line":1,"column":28}}},"2":{"name":"(anonymous_2)","line":13,"loc":{"start":{"line":13,"column":9},"end":{"line":13,"column":43}}},"3":{"name":"_interopRequireDefault","line":20,"loc":{"start":{"line":20,"column":4},"end":{"line":20,"column":41}}},"4":{"name":"_classCallCheck","line":26,"loc":{"start":{"line":26,"column":4},"end":{"line":26,"column":52}}},"5":{"name":"(anonymous_5)","line":32,"loc":{"start":{"line":32,"column":23},"end":{"line":32,"column":35}}},"6":{"name":"defineProperties","line":33,"loc":{"start":{"line":33,"column":8},"end":{"line":33,"column":49}}},"7":{"name":"(anonymous_7)","line":43,"loc":{"start":{"line":43,"column":15},"end":{"line":43,"column":63}}},"8":{"name":"_possibleConstructorReturn","line":50,"loc":{"start":{"line":50,"column":4},"end":{"line":50,"column":52}}},"9":{"name":"_inherits","line":58,"loc":{"start":{"line":58,"column":4},"end":{"line":58,"column":45}}},"10":{"name":"(anonymous_10)","line":74,"loc":{"start":{"line":74,"column":5},"end":{"line":74,"column":17}}},"11":{"name":"(anonymous_11)","line":82,"loc":{"start":{"line":82,"column":23},"end":{"line":82,"column":48}}},"12":{"name":"Mediator","line":85,"loc":{"start":{"line":85,"column":12},"end":{"line":85,"column":32}}},"13":{"name":"initialize","line":97,"loc":{"start":{"line":97,"column":23},"end":{"line":97,"column":45}}}},"statementMap":{"1":{"start":{"line":1,"column":0},"end":{"line":108,"column":3}},"2":{"start":{"line":2,"column":4},"end":{"line":12,"column":5}},"3":{"start":{"line":3,"column":8},"end":{"line":3,"column":54}},"4":{"start":{"line":4,"column":11},"end":{"line":12,"column":5}},"5":{"start":{"line":5,"column":8},"end":{"line":5,"column":60}},"6":{"start":{"line":7,"column":8},"end":{"line":9,"column":10}},"7":{"start":{"line":10,"column":8},"end":{"line":10,"column":49}},"8":{"start":{"line":11,"column":8},"end":{"line":11,"column":35}},"9":{"start":{"line":16,"column":4},"end":{"line":16,"column":51}},"10":{"start":{"line":18,"column":4},"end":{"line":18,"column":47}},"11":{"start":{"line":20,"column":4},"end":{"line":24,"column":5}},"12":{"start":{"line":21,"column":8},"end":{"line":23,"column":10}},"13":{"start":{"line":26,"column":4},"end":{"line":30,"column":5}},"14":{"start":{"line":27,"column":8},"end":{"line":29,"column":9}},"15":{"start":{"line":28,"column":12},"end":{"line":28,"column":69}},"16":{"start":{"line":32,"column":4},"end":{"line":48,"column":8}},"17":{"start":{"line":33,"column":8},"end":{"line":41,"column":9}},"18":{"start":{"line":34,"column":12},"end":{"line":40,"column":13}},"19":{"start":{"line":35,"column":16},"end":{"line":35,"column":42}},"20":{"start":{"line":36,"column":16},"end":{"line":36,"column":71}},"21":{"start":{"line":37,"column":16},"end":{"line":37,"column":47}},"22":{"start":{"line":38,"column":16},"end":{"line":38,"column":70}},"23":{"start":{"line":38,"column":43},"end":{"line":38,"column":70}},"24":{"start":{"line":39,"column":16},"end":{"line":39,"column":74}},"25":{"start":{"line":43,"column":8},"end":{"line":47,"column":10}},"26":{"start":{"line":44,"column":12},"end":{"line":44,"column":80}},"27":{"start":{"line":44,"column":28},"end":{"line":44,"column":80}},"28":{"start":{"line":45,"column":12},"end":{"line":45,"column":72}},"29":{"start":{"line":45,"column":29},"end":{"line":45,"column":72}},"30":{"start":{"line":46,"column":12},"end":{"line":46,"column":31}},"31":{"start":{"line":50,"column":4},"end":{"line":56,"column":5}},"32":{"start":{"line":51,"column":8},"end":{"line":53,"column":9}},"33":{"start":{"line":52,"column":12},"end":{"line":52,"column":98}},"34":{"start":{"line":55,"column":8},"end":{"line":55,"column":94}},"35":{"start":{"line":58,"column":4},"end":{"line":72,"column":5}},"36":{"start":{"line":59,"column":8},"end":{"line":61,"column":9}},"37":{"start":{"line":60,"column":12},"end":{"line":60,"column":112}},"38":{"start":{"line":63,"column":8},"end":{"line":70,"column":11}},"39":{"start":{"line":71,"column":8},"end":{"line":71,"column":126}},"40":{"start":{"line":71,"column":24},"end":{"line":71,"column":126}},"41":{"start":{"line":74,"column":4},"end":{"line":107,"column":9}},"42":{"start":{"line":82,"column":8},"end":{"line":104,"column":28}},"43":{"start":{"line":83,"column":12},"end":{"line":83,"column":47}},"44":{"start":{"line":85,"column":12},"end":{"line":93,"column":13}},"45":{"start":{"line":86,"column":16},"end":{"line":86,"column":48}},"46":{"start":{"line":88,"column":16},"end":{"line":88,"column":105}},"47":{"start":{"line":90,"column":16},"end":{"line":90,"column":35}},"48":{"start":{"line":92,"column":16},"end":{"line":92,"column":29}},"49":{"start":{"line":95,"column":12},"end":{"line":101,"column":16}},"50":{"start":{"line":99,"column":20},"end":{"line":99,"column":32}},"51":{"start":{"line":103,"column":12},"end":{"line":103,"column":28}},"52":{"start":{"line":106,"column":8},"end":{"line":106,"column":34}}},"branchMap":{"1":{"line":2,"type":"if","locations":[{"start":{"line":2,"column":4},"end":{"line":2,"column":4}},{"start":{"line":2,"column":4},"end":{"line":2,"column":4}}]},"2":{"line":2,"type":"binary-expr","locations":[{"start":{"line":2,"column":8},"end":{"line":2,"column":36}},{"start":{"line":2,"column":40},"end":{"line":2,"column":50}}]},"3":{"line":4,"type":"if","locations":[{"start":{"line":4,"column":11},"end":{"line":4,"column":11}},{"start":{"line":4,"column":11},"end":{"line":4,"column":11}}]},"4":{"line":21,"type":"cond-expr","locations":[{"start":{"line":21,"column":39},"end":{"line":21,"column":42}},{"start":{"line":21,"column":45},"end":{"line":23,"column":9}}]},"5":{"line":21,"type":"binary-expr","locations":[{"start":{"line":21,"column":15},"end":{"line":21,"column":18}},{"start":{"line":21,"column":22},"end":{"line":21,"column":36}}]},"6":{"line":27,"type":"if","locations":[{"start":{"line":27,"column":8},"end":{"line":27,"column":8}},{"start":{"line":27,"column":8},"end":{"line":27,"column":8}}]},"7":{"line":36,"type":"binary-expr","locations":[{"start":{"line":36,"column":40},"end":{"line":36,"column":61}},{"start":{"line":36,"column":65},"end":{"line":36,"column":70}}]},"8":{"line":38,"type":"if","locations":[{"start":{"line":38,"column":16},"end":{"line":38,"column":16}},{"start":{"line":38,"column":16},"end":{"line":38,"column":16}}]},"9":{"line":44,"type":"if","locations":[{"start":{"line":44,"column":12},"end":{"line":44,"column":12}},{"start":{"line":44,"column":12},"end":{"line":44,"column":12}}]},"10":{"line":45,"type":"if","locations":[{"start":{"line":45,"column":12},"end":{"line":45,"column":12}},{"start":{"line":45,"column":12},"end":{"line":45,"column":12}}]},"11":{"line":51,"type":"if","locations":[{"start":{"line":51,"column":8},"end":{"line":51,"column":8}},{"start":{"line":51,"column":8},"end":{"line":51,"column":8}}]},"12":{"line":55,"type":"cond-expr","locations":[{"start":{"line":55,"column":82},"end":{"line":55,"column":86}},{"start":{"line":55,"column":89},"end":{"line":55,"column":93}}]},"13":{"line":55,"type":"binary-expr","locations":[{"start":{"line":55,"column":15},"end":{"line":55,"column":19}},{"start":{"line":55,"column":24},"end":{"line":55,"column":48}},{"start":{"line":55,"column":52},"end":{"line":55,"column":78}}]},"14":{"line":59,"type":"if","locations":[{"start":{"line":59,"column":8},"end":{"line":59,"column":8}},{"start":{"line":59,"column":8},"end":{"line":59,"column":8}}]},"15":{"line":59,"type":"binary-expr","locations":[{"start":{"line":59,"column":12},"end":{"line":59,"column":44}},{"start":{"line":59,"column":48},"end":{"line":59,"column":67}}]},"16":{"line":63,"type":"binary-expr","locations":[{"start":{"line":63,"column":43},"end":{"line":63,"column":53}},{"start":{"line":63,"column":57},"end":{"line":63,"column":77}}]},"17":{"line":71,"type":"if","locations":[{"start":{"line":71,"column":8},"end":{"line":71,"column":8}},{"start":{"line":71,"column":8},"end":{"line":71,"column":8}}]},"18":{"line":71,"type":"cond-expr","locations":[{"start":{"line":71,"column":48},"end":{"line":71,"column":91}},{"start":{"line":71,"column":94},"end":{"line":71,"column":125}}]}}}}