TN:
SF:/Users/williamshackelford/Sites/white-label-mediator/spec/testspec.js
FN:7,(anonymous_1)
FN:8,(anonymous_2)
FN:13,(anonymous_3)
FN:14,(anonymous_4)
FN:16,(anonymous_5)
FN:19,(anonymous_6)
FN:22,(anonymous_7)
FN:27,(anonymous_8)
FN:31,(anonymous_9)
FN:35,(anonymous_10)
FN:38,(anonymous_11)
FN:41,(anonymous_12)
FN:44,(anonymous_13)
FN:47,(anonymous_14)
FN:53,(anonymous_15)
FN:61,(anonymous_16)
FN:65,(anonymous_17)
FN:68,(anonymous_18)
FNF:18
FNH:15
FNDA:1,(anonymous_1)
FNDA:1,(anonymous_2)
FNDA:1,(anonymous_3)
FNDA:9,(anonymous_4)
FNDA:0,(anonymous_5)
FNDA:9,(anonymous_6)
FNDA:0,(anonymous_7)
FNDA:0,(anonymous_8)
FNDA:9,(anonymous_9)
FNDA:1,(anonymous_10)
FNDA:1,(anonymous_11)
FNDA:1,(anonymous_12)
FNDA:1,(anonymous_13)
FNDA:1,(anonymous_14)
FNDA:1,(anonymous_15)
FNDA:1,(anonymous_16)
FNDA:1,(anonymous_17)
FNDA:1,(anonymous_18)
DA:3,1
DA:4,1
DA:7,1
DA:8,1
DA:9,1
DA:13,1
DA:14,1
DA:15,9
DA:16,9
DA:17,9
DA:18,9
DA:20,9
DA:26,9
DA:27,9
DA:28,9
DA:29,9
DA:31,1
DA:32,9
DA:33,9
DA:35,1
DA:36,1
DA:38,1
DA:39,1
DA:41,1
DA:42,1
DA:44,1
DA:45,1
DA:47,1
DA:48,1
DA:51,1
DA:53,1
DA:54,1
DA:57,1
DA:61,1
DA:62,1
DA:63,1
DA:65,1
DA:66,1
DA:68,1
DA:69,1
LF:40
LH:40
BRF:0
BRH:0
end_of_record
TN:
SF:/Users/williamshackelford/Sites/white-label-mediator/dist/index.js
FN:1,(anonymous_1)
FN:13,(anonymous_2)
FN:20,_interopRequireDefault
FN:26,_classCallCheck
FN:32,(anonymous_5)
FN:33,defineProperties
FN:43,(anonymous_7)
FN:50,_possibleConstructorReturn
FN:58,_inherits
FN:74,(anonymous_10)
FN:82,(anonymous_11)
FN:85,Mediator
FN:97,initialize
FNF:13
FNH:12
FNDA:1,(anonymous_1)
FNDA:1,(anonymous_2)
FNDA:2,_interopRequireDefault
FNDA:9,_classCallCheck
FNDA:1,(anonymous_5)
FNDA:1,defineProperties
FNDA:1,(anonymous_7)
FNDA:9,_possibleConstructorReturn
FNDA:1,_inherits
FNDA:1,(anonymous_10)
FNDA:1,(anonymous_11)
FNDA:9,Mediator
FNDA:0,initialize
DA:1,1
DA:2,1
DA:3,0
DA:4,1
DA:5,1
DA:7,0
DA:10,0
DA:11,0
DA:16,1
DA:18,1
DA:20,1
DA:21,2
DA:26,1
DA:27,9
DA:28,0
DA:32,1
DA:33,1
DA:34,1
DA:35,1
DA:36,1
DA:37,1
DA:38,1
DA:39,1
DA:43,1
DA:44,1
DA:45,1
DA:46,1
DA:50,1
DA:51,9
DA:52,0
DA:55,9
DA:58,1
DA:59,1
DA:60,0
DA:63,1
DA:71,1
DA:74,1
DA:82,1
DA:83,1
DA:85,1
DA:86,9
DA:88,9
DA:90,9
DA:92,9
DA:95,1
DA:99,0
DA:103,1
DA:106,1
LF:48
LH:40
BRDA:2,1,0,0
BRDA:2,1,1,1
BRDA:2,2,0,1
BRDA:2,2,1,0
BRDA:4,3,0,1
BRDA:4,3,1,0
BRDA:21,4,0,0
BRDA:21,4,1,2
BRDA:21,5,0,2
BRDA:21,5,1,2
BRDA:27,6,0,0
BRDA:27,6,1,9
BRDA:36,7,0,1
BRDA:36,7,1,1
BRDA:38,8,0,1
BRDA:38,8,1,0
BRDA:44,9,0,1
BRDA:44,9,1,0
BRDA:45,10,0,0
BRDA:45,10,1,1
BRDA:51,11,0,0
BRDA:51,11,1,9
BRDA:55,12,0,0
BRDA:55,12,1,9
BRDA:55,13,0,9
BRDA:55,13,1,0
BRDA:55,13,2,0
BRDA:59,14,0,0
BRDA:59,14,1,1
BRDA:59,15,0,1
BRDA:59,15,1,0
BRDA:63,16,0,1
BRDA:63,16,1,1
BRDA:71,17,0,1
BRDA:71,17,1,0
BRDA:71,18,0,1
BRDA:71,18,1,0
BRF:37
BRH:21
end_of_record
