TN:
SF:/Users/williamshackelford/Sites/white-label-mediator/spec/testspec.js
FN:7,(anonymous_1)
FN:8,(anonymous_2)
FN:13,(anonymous_3)
FN:14,(anonymous_4)
FN:16,(anonymous_5)
FN:20,(anonymous_6)
FN:24,(anonymous_7)
FN:27,(anonymous_8)
FN:30,(anonymous_9)
FN:33,(anonymous_10)
FN:36,(anonymous_11)
FN:42,(anonymous_12)
FN:50,(anonymous_13)
FNF:13
FNH:12
FNDA:1,(anonymous_1)
FNDA:1,(anonymous_2)
FNDA:1,(anonymous_3)
FNDA:7,(anonymous_4)
FNDA:0,(anonymous_5)
FNDA:7,(anonymous_6)
FNDA:1,(anonymous_7)
FNDA:1,(anonymous_8)
FNDA:1,(anonymous_9)
FNDA:1,(anonymous_10)
FNDA:1,(anonymous_11)
FNDA:1,(anonymous_12)
FNDA:1,(anonymous_13)
DA:3,1
DA:4,1
DA:7,1
DA:8,1
DA:9,1
DA:13,1
DA:14,1
DA:15,7
DA:16,7
DA:17,7
DA:18,7
DA:20,1
DA:21,7
DA:22,7
DA:24,1
DA:25,1
DA:27,1
DA:28,1
DA:30,1
DA:31,1
DA:33,1
DA:34,1
DA:36,1
DA:37,1
DA:40,1
DA:42,1
DA:43,1
DA:46,1
DA:50,1
DA:51,1
DA:52,1
LF:31
LH:31
BRF:0
BRH:0
end_of_record
TN:
SF:/Users/williamshackelford/Sites/white-label-mediator/dist/index.js
FN:1,(anonymous_1)
FN:13,(anonymous_2)
FN:20,_interopRequireDefault
FN:26,(anonymous_4)
FN:34,Mediator
FN:37,(anonymous_6)
FNF:6
FNH:6
FNDA:1,(anonymous_1)
FNDA:1,(anonymous_2)
FNDA:2,_interopRequireDefault
FNDA:1,(anonymous_4)
FNDA:7,Mediator
FNDA:7,(anonymous_6)
DA:1,1
DA:2,1
DA:3,0
DA:4,1
DA:5,1
DA:7,0
DA:10,0
DA:11,0
DA:16,1
DA:18,1
DA:20,1
DA:21,2
DA:26,1
DA:34,1
DA:37,7
DA:39,7
DA:41,7
DA:44,7
DA:46,7
DA:50,1
DA:52,1
LF:21
LH:17
BRDA:2,1,0,0
BRDA:2,1,1,1
BRDA:2,2,0,1
BRDA:2,2,1,0
BRDA:4,3,0,1
BRDA:4,3,1,0
BRDA:21,4,0,0
BRDA:21,4,1,2
BRDA:21,5,0,2
BRDA:21,5,1,2
BRF:10
BRH:6
end_of_record
